Log file open, 03/27/17 15:15:34
LogInit:Display: Running engine for game: Footprints
LogPlatformFile: Not using cached read wrapper
LogInit:Display: RandInit(-1286863185) SRandInit(-1286863185).
LogTaskGraph: Started task graph with 5 named threads and 6 total threads with 1 sets of task threads.
LogStats: Stats thread started at 0.056206
LogInit: Using libcurl 7.47.1
LogInit:  - built for x86_64-pc-win32
LogInit:  - supports SSL with OpenSSL/1.0.2g
LogInit:  - supports HTTP deflate (compression) using libz 1.2.8
LogInit:  - other features:
LogInit:      CURL_VERSION_SSL
LogInit:      CURL_VERSION_LIBZ
LogInit:      CURL_VERSION_IPV6
LogInit:      CURL_VERSION_ASYNCHDNS
LogInit:      CURL_VERSION_LARGEFILE
LogInit:      CURL_VERSION_IDN
LogInit:  CurlRequestOptions (configurable via config and command line):
LogInit:  - bVerifyPeer = false  - Libcurl will NOT verify peer certificate
LogInit:  - bUseHttpProxy = false  - Libcurl will NOT use HTTP proxy
LogInit:  - bDontReuseConnections = false  - Libcurl will reuse connections
LogInit:  - CertBundlePath = nullptr  - Libcurl will use whatever was configured at build time.
LogInit: Build: ++UE4+Release-4.15-CL-3348071
LogInit: Engine Version: 4.15.1-3348071+++UE4+Release-4.15
LogInit: Compatible Engine Version: 4.15.0-3299760+++UE4+Release-4.15
LogInit: Net CL: 3299760
LogDevObjectVersion: Number of dev versions registered: 14
LogDevObjectVersion:   Dev-Blueprints (B0D832E4-1F89-4F0D-ACCF-7EB736FD4AA2): 8
LogDevObjectVersion:   Dev-Build (E1C64328-A22C-4D53-A36C-8E866417BD8C): 0
LogDevObjectVersion:   Dev-Core (375EC13C-06E4-48FB-B500-84F0262A717E): 2
LogDevObjectVersion:   Dev-Editor (E4B068ED-F494-42E9-A231-DA0B2E46BB41): 14
LogDevObjectVersion:   Dev-Framework (CFFC743F-43B0-4480-9391-14DF171D2073): 22
LogDevObjectVersion:   Dev-Mobile (B02B49B5-BB20-44E9-A304-32B752E40360): 0
LogDevObjectVersion:   Dev-Networking (A4E4105C-59A1-49B5-A7C5-40C4547EDFEE): 0
LogDevObjectVersion:   Dev-Online (39C831C9-5AE6-47DC-9A44-9C173E1C8E7C): 0
LogDevObjectVersion:   Dev-Physics (78F01B33-EBEA-4F98-B9B4-84EACCB95AA2): 0
LogDevObjectVersion:   Dev-Platform (6631380F-2D4D-43E0-8009-CF276956A95A): 0
LogDevObjectVersion:   Dev-Rendering (12F88B9F-8875-4AFC-A67C-D90C383ABD29): 12
LogDevObjectVersion:   Dev-Sequencer (7B5AE74C-D270-4C10-A958-57980B212A5A): 3
LogDevObjectVersion:   Dev-VR (D7296918-1DD6-4BDD-9DE2-64A83CC13884): 0
LogDevObjectVersion:   Dev-LoadTimes (C2A15278-BFE7-4AFE-6C17-90FF531DF755): 1
LogInit: Compiled (64-bit): Mar 15 2017 16:52:47
LogInit: Compiled with Visual C++: 19.00.23026.00
LogInit: Build Configuration: Development
LogInit: Branch Name: ++UE4+Release-4.15
LogInit: Command line: -EpicPortal 
LogInit: Base directory: E:/UE_4.15/Engine/Binaries/Win64/
LogInit: Installed Engine Build: 1
LogInit: Presizing for max 8388607 objects, including 0 objects not considered by GC, pre-allocating 0 bytes for permanent pool.
LogInit: Object subsystem initialized
[2017.03.27-14.15.35:432][  0]LogInit: Selected Device Profile: [Windows]
[2017.03.27-14.15.35:432][  0]LogInit: Applying CVar settings loaded from the selected device profile: [Windows]
[2017.03.27-14.15.35:473][  0]LogInit: Computer: ELIO-GOLD
[2017.03.27-14.15.35:473][  0]LogInit: User: Elio
[2017.03.27-14.15.35:473][  0]LogInit: CPU Page size=65536, Cores=2
[2017.03.27-14.15.35:473][  0]LogInit: High frequency timer resolution =2.338341 MHz
[2017.03.27-14.15.35:473][  0]LogMemory: Memory total: Physical=7.9GB (8GB approx)
[2017.03.27-14.15.35:473][  0]LogMemory: Platform Memory Stats for Windows
[2017.03.27-14.15.35:473][  0]LogMemory: Process Physical Memory: 262.64 MB used, 262.64 MB peak
[2017.03.27-14.15.35:473][  0]LogMemory: Process Virtual Memory: 262.52 MB used, 262.52 MB peak
[2017.03.27-14.15.35:473][  0]LogMemory: Physical Memory: 5169.81 MB used,  2924.60 MB free, 8094.41 MB total
[2017.03.27-14.15.35:473][  0]LogMemory: Virtual Memory: 643.26 MB used,  2924.60 MB free, 134217728.00 MB total
[2017.03.27-14.15.35:550][  0]LogTextLocalizationManager: No specific translations for ('en-SG') exist, so ('en') translations will be used.
[2017.03.27-14.15.36:273][  0]LogD3D11RHI: D3D11 adapters:
[2017.03.27-14.15.36:313][  0]LogD3D11RHI:    0. 'NVIDIA GeForce GTX 950M' (Feature Level 11_0)
[2017.03.27-14.15.36:313][  0]LogD3D11RHI:       4064/0/4047 MB DedicatedVideo/DedicatedSystem/SharedSystem, Outputs:1, VendorId:0x10de
[2017.03.27-14.15.36:319][  0]LogD3D11RHI:    1. 'Intel(R) HD Graphics 5500' (Feature Level 11_0)
[2017.03.27-14.15.36:319][  0]LogD3D11RHI:       128/0/4047 MB DedicatedVideo/DedicatedSystem/SharedSystem, Outputs:0, VendorId:0x8086
[2017.03.27-14.15.36:321][  0]LogD3D11RHI:    2. 'Microsoft Basic Render Driver' (Feature Level 11_0)
[2017.03.27-14.15.36:321][  0]LogD3D11RHI:       0/0/4047 MB DedicatedVideo/DedicatedSystem/SharedSystem, Outputs:0, VendorId:0x1414
[2017.03.27-14.15.36:321][  0]LogD3D11RHI: Chosen D3D11 Adapter: 0
[2017.03.27-14.15.36:326][  0]LogD3D11RHI: Creating new Direct3DDevice
[2017.03.27-14.15.36:326][  0]LogD3D11RHI:     GPU DeviceId: 0x139a (for the marketing name, search the web for "GPU Device Id")
[2017.03.27-14.15.36:326][  0]LogWindows: EnumDisplayDevices:
[2017.03.27-14.15.36:327][  0]LogWindows:    0. 'Intel(R) HD Graphics 5500' (P:1 D:1)
[2017.03.27-14.15.36:327][  0]LogWindows:    1. 'Intel(R) HD Graphics 5500' (P:0 D:0)
[2017.03.27-14.15.36:327][  0]LogWindows:    2. 'Intel(R) HD Graphics 5500' (P:0 D:0)
[2017.03.27-14.15.36:327][  0]LogWindows: DebugString: PrimaryIsNotTheChoosenAdapter PrimaryIsNotTheChoosenAdapter PrimaryIsNotTheChoosenAdapter FoundDriverCount:0 
[2017.03.27-14.15.36:327][  0]LogD3D11RHI:     Adapter Name: NVIDIA GeForce GTX 950M
[2017.03.27-14.15.36:327][  0]LogD3D11RHI:   Driver Version: Unknown (internal:Unknown, unified:Unknown)
[2017.03.27-14.15.36:327][  0]LogD3D11RHI:      Driver Date: Unknown
[2017.03.27-14.15.36:327][  0]LogRHI: Texture pool is 1361 MB (70% of 1945 MB)
[2017.03.27-14.15.36:346][  0]LogD3D11RHI: Async texture creation enabled
[2017.03.27-14.15.36:365][  0]LogD3D11RHI: GPU Timing Frequency: 1000.000000 (Debug: 2 2)
[2017.03.27-14.15.36:365][  0]LogShaderCompilers: Guid format shader working directory is 0 characters bigger than the processId version (../../../../Elio_Physics_FootPrint/Footprints/Intermediate/Shaders/WorkingDirectory/8380/).
[2017.03.27-14.15.36:366][  0]LogShaderCompilers: Cleaned the shader compiler working directory 'C:/Users/Elio/AppData/Local/Temp/UnrealShaderWorkingDir/7DC63906445A967D4125B088EE27611A/'.
[2017.03.27-14.15.36:366][  0]LogShaderCompilers:Display: Using Local Shader Compiler.
[2017.03.27-14.15.37:719][  0]LogTemp:Display: Loaded TP AllDesktopTargetPlatform
[2017.03.27-14.15.37:773][  0]LogTemp:Display: Loaded TP MacClientTargetPlatform
[2017.03.27-14.15.37:829][  0]LogTemp:Display: Loaded TP MacNoEditorTargetPlatform
[2017.03.27-14.15.37:882][  0]LogTemp:Display: Loaded TP MacServerTargetPlatform
[2017.03.27-14.15.37:937][  0]LogTemp:Display: Loaded TP MacTargetPlatform
[2017.03.27-14.15.37:991][  0]LogTemp:Display: Loaded TP WindowsClientTargetPlatform
[2017.03.27-14.15.38:044][  0]LogTemp:Display: Loaded TP WindowsNoEditorTargetPlatform
[2017.03.27-14.15.38:100][  0]LogTemp:Display: Loaded TP WindowsServerTargetPlatform
[2017.03.27-14.15.38:143][  0]LogTemp:Display: Loaded TP WindowsTargetPlatform
[2017.03.27-14.15.38:198][  0]LogTemp:Display: Loaded TP AndroidTargetPlatform
[2017.03.27-14.15.38:251][  0]LogTemp:Display: Loaded TP Android_ASTCTargetPlatform
[2017.03.27-14.15.38:303][  0]LogTemp:Display: Loaded TP Android_ATCTargetPlatform
[2017.03.27-14.15.38:357][  0]LogTemp:Display: Loaded TP Android_DXTTargetPlatform
[2017.03.27-14.15.38:411][  0]LogTemp:Display: Loaded TP Android_ETC1TargetPlatform
[2017.03.27-14.15.38:466][  0]LogTemp:Display: Loaded TP Android_ETC2TargetPlatform
[2017.03.27-14.15.38:573][  0]LogTemp:Display: Loaded TP Android_MultiTargetPlatform
[2017.03.27-14.15.38:573][  0]LogTemp:Display: Loaded TP Android_PVRTCTargetPlatform
[2017.03.27-14.15.38:613][  0]LogTemp:Display: Loaded TP HTML5TargetPlatform
[2017.03.27-14.15.38:739][  0]LogTemp:Display: Loaded TP IOSTargetPlatform
[2017.03.27-14.15.38:789][  0]LogTemp:Display: Loaded TP TVOSTargetPlatform
[2017.03.27-14.15.38:857][  0]LogTemp:Display: Loaded TP LinuxClientTargetPlatform
[2017.03.27-14.15.38:911][  0]LogTemp:Display: Loaded TP LinuxNoEditorTargetPlatform
[2017.03.27-14.15.38:964][  0]LogTemp:Display: Loaded TP LinuxServerTargetPlatform
[2017.03.27-14.15.39:018][  0]LogTemp:Display: Loaded TP LinuxTargetPlatform
[2017.03.27-14.15.39:018][  0]LogTargetPlatformManager:Display: Building Assets For Windows
[2017.03.27-14.15.39:396][  0]LogDerivedDataCache:Display: Max Cache Size: 512 MB
[2017.03.27-14.15.39:455][  0]LogDerivedDataCache: Loaded boot cache 0.06s 50MB C:/Users/Elio/AppData/Local/UnrealEngine/4.15/DerivedDataCache/Boot.ddc.
[2017.03.27-14.15.39:455][  0]LogDerivedDataCache:Display: Loaded Boot cache: C:/Users/Elio/AppData/Local/UnrealEngine/4.15/DerivedDataCache/Boot.ddc
[2017.03.27-14.15.39:455][  0]LogDerivedDataCache: FDerivedDataBackendGraph:  Pak pak cache file ../../../../Elio_Physics_FootPrint/Footprints/DerivedDataCache/DDC.ddp not found, will not use a pak cache.
[2017.03.27-14.15.39:455][  0]LogDerivedDataCache: Unable to find inner node Pak for hierarchical cache Hierarchy.
[2017.03.27-14.15.39:455][  0]LogDerivedDataCache: FDerivedDataBackendGraph:  CompressedPak pak cache file ../../../../Elio_Physics_FootPrint/Footprints/DerivedDataCache/Compressed.ddp not found, will not use a pak cache.
[2017.03.27-14.15.39:455][  0]LogDerivedDataCache: Unable to find inner node CompressedPak for hierarchical cache Hierarchy.
[2017.03.27-14.15.39:476][  0]LogDerivedDataCache:Display: Pak cache opened for reading ../../../Engine/DerivedDataCache/Compressed.ddp.
[2017.03.27-14.15.39:491][  0]LogDerivedDataCache: Using Local data cache path C:/Users/Elio/AppData/Local/UnrealEngine/Common/DerivedDataCache: Writable
[2017.03.27-14.15.39:501][  0]LogSlate: Using Freetype 2.6.0
[2017.03.27-14.15.39:502][  0]LogSlate: SlateFontCache - WITH_FREETYPE: 1, WITH_HARFBUZZ: 1
[2017.03.27-14.15.39:502][  0]LogSlate: SlateFontCache - WITH_FREETYPE: 1, WITH_HARFBUZZ: 1
[2017.03.27-14.15.39:894][  0]LogInit: Selected Device Profile: [Windows]
[2017.03.27-14.15.39:898][  0]LogContentStreaming: Texture pool size is 0.00 MB
[2017.03.27-14.15.40:182][  0]LogMeshUtilities: Using QuadricMeshReduction for automatic static mesh reduction
[2017.03.27-14.15.40:228][  0]LogSimplygon: Simplygon DLL not present - disabling.
[2017.03.27-14.15.40:271][  0]LogMeshUtilities: Using SimplygonSwarm for distributed automatic mesh merging
[2017.03.27-14.15.40:271][  0]LogMeshUtilities: No automatic skeletal mesh reduction module available
[2017.03.27-14.15.40:271][  0]LogMeshUtilities: No automatic mesh merging module available
[2017.03.27-14.15.41:075][  0]LogNetVersion: GetLocalNetworkVersion: CL: 3299760, ProjectName: footprints, ProjectVersion: , EngineNetworkVersion: 2, GameNetworkVersion: 0, NetworkChecksum: 2250358
[2017.03.27-14.15.41:118][  0]LogAssetRegistry: FAssetRegistry took 0.0219 seconds to start up
[2017.03.27-14.15.41:331][  0]LogPackageLocalizationCache: Processed 3 localized package path(s) for 2 prioritized culture(s) in 0.193762 seconds
[2017.03.27-14.15.41:338][  0]LogUObjectArray: 32493 objects as part of root set at end of initial load.
[2017.03.27-14.15.41:338][  0]LogUObjectAllocator: 7077024 out of 0 bytes used by permanent object pool.
[2017.03.27-14.15.41:338][  0]LogUObjectArray: CloseDisregardForGC: 0/0 objects in disregard for GC pool
[2017.03.27-14.15.41:391][  0]LogInit: WinSock: version 1.1 (2.2), MaxSocks=32767, MaxUdp=65467
[2017.03.27-14.15.43:095][  0]LogTcpMessaging: Initializing TcpMessaging bridge
[2017.03.27-14.15.43:130][  0]LogUdpMessaging: Initializing bridge on interface 0.0.0.0:0 to multicast group 230.0.0.1:6666.
[2017.03.27-14.15.43:631][  0]LogMaterial: Uniform references updated for custom material expression Custom.
[2017.03.27-14.15.44:014][  0]SourceControl: Info Source control is disabled
[2017.03.27-14.15.44:079][  0]SourceControl: Info Source control is disabled
[2017.03.27-14.15.44:122][  0]SourceControl: Info Source control is disabled
[2017.03.27-14.15.44:165][  0]SourceControl: Info Source control is disabled
[2017.03.27-14.15.45:318][  0]LogEngine: Initializing Engine...
[2017.03.27-14.15.45:319][  0]LogHMD: Failed to initialize OpenVR with code 110
[2017.03.27-14.15.45:553][  0]LogAIModule: Creating AISystem for world Untitled
[2017.03.27-14.15.45:562][  0]LogInit: XAudio2 using 'Speakers (Realtek High Definition Audio)' : 2 channels at 48 kHz using 32 bits per sample (channel mask 0x3)
[2017.03.27-14.15.45:593][  0]LogInit: FAudioDevice initialized.
[2017.03.27-14.15.45:622][  0]LogDerivedDataCache: Saved boot cache 0.03s 50MB C:/Users/Elio/AppData/Local/UnrealEngine/4.15/DerivedDataCache/Boot.ddc.
[2017.03.27-14.15.45:627][  0]LogInit: Texture streaming: Enabled
[2017.03.27-14.15.45:706][  0]LogEngineSessionManager: EngineSessionManager initialized
[2017.03.27-14.15.45:807][  0]LogInit: Transaction tracking system initialized
[2017.03.27-14.15.46:174][  0]BlueprintLog: New page: Editor Load
[2017.03.27-14.15.47:010][  0]LocalizationService: Info Localization service is disabled
[2017.03.27-14.15.47:758][  0]LogConsoleResponse:Display: 
[2017.03.27-14.15.47:960][  0]LogCook:Display: Max memory allowance for cook 16384mb min free memory 0mb
[2017.03.27-14.15.47:960][  0]LogCook:Display: Mobile HDR setting 1
[2017.03.27-14.15.48:875][  0]LogFileCache: Scanning file cache for directory 'E:/Elio_Physics_FootPrint/Footprints/Content/' took 0.02s
[2017.03.27-14.15.48:940][  0]SourceControl: Info Source control is disabled
[2017.03.27-14.15.48:993][  0]LogWindowsTextInputMethodSystem:Display: IME system now deactivated.
[2017.03.27-14.15.49:031][  0]LogSlate: Took 0.000511 seconds to synchronously load lazily loaded font '../../../Engine/Content/Slate/Fonts/Roboto-Regular.ttf' (155K)
[2017.03.27-14.16.02:740][  0]LogWindowsTextInputMethodSystem:Display: IME system now deactivated.
[2017.03.27-14.16.02:742][  0]LogWindowsTextInputMethodSystem:Display: IME system now deactivated.
[2017.03.27-14.16.03:156][  0]Cmd: MAP LOAD FILE="../../../../Elio_Physics_FootPrint/Footprints/Content/ThirdPersonBP/Maps/ThirdPersonExampleMap.umap" TEMPLATE=0 SHOWPROGRESS=1 FEATURELEVEL=3
[2017.03.27-14.16.03:157][  0]LightingResults: New page: Lighting Build
[2017.03.27-14.16.03:230][  0]MapCheck: New page: Map Check
[2017.03.27-14.16.03:230][  0]LightingResults: New page: Lighting Build
[2017.03.27-14.16.05:370][  0]LogAIModule: Creating AISystem for world ThirdPersonExampleMap
[2017.03.27-14.16.05:401][  0]LogEditorServer: Finished looking for orphan Actors (0.000 secs)
[2017.03.27-14.16.05:401][  0]Cmd: MAP CHECKDEP NOCLEARLOG
[2017.03.27-14.16.05:477][  0]MapCheck: Info Map check complete: 0 Error(s), 0 Warning(s), took 75.242ms to complete.
[2017.03.27-14.16.05:477][  0]LogFileHelpers: Loading map 'ThirdPersonExampleMap' took 2.321
[2017.03.27-14.16.05:742][  0]LogStats:Warning: MetaData mismatch. Did you assign a stat to two groups? New //STATGROUP_Threads//SplashScreenThread///Thread_2b30_0///####STATCAT_Advanced#### old //STATGROUP_Threads//SplashScreenThread///Thread_3b7c_0///####STATCAT_Advanced####
[2017.03.27-14.16.05:742][  0]LogCollectionManager: Loaded 0 collections in 0.001047 seconds
[2017.03.27-14.16.05:822][  0]LogFileCache: Scanning file cache for directory 'E:/Elio_Physics_FootPrint/Footprints/Saved/Collections/' took 0.01s
[2017.03.27-14.16.05:822][  0]LogFileCache: Scanning file cache for directory 'E:/Elio_Physics_FootPrint/Footprints/Content/Developers/Elio/Collections/' took 0.01s
[2017.03.27-14.16.05:822][  0]LogFileCache: Scanning file cache for directory 'E:/Elio_Physics_FootPrint/Footprints/Content/Collections/' took 0.01s
[2017.03.27-14.16.05:822][  0]LogCollectionManager: Rebuilt the GUID cache for 0 collections in 0.000002 seconds
[2017.03.27-14.16.05:831][  0]LogContentBrowser: Native class hierarchy populated in 0.0095 seconds. Added 2246 classes and 455 folders.
[2017.03.27-14.16.05:835][  0]LogStats: UGameplayTagsManager::ConstructGameplayTagTree: Construct from data asset -  0.000 s
[2017.03.27-14.16.05:835][  0]LogStats: UGameplayTagsManager::ConstructGameplayTagTree: GameplayTagTreeChangedEvent.Broadcast -  0.000 s
[2017.03.27-14.16.05:896][  0]LogContentBrowser: Native class hierarchy updated for 'WidgetCarousel' in 0.0006 seconds. Added 0 classes and 0 folders.
[2017.03.27-14.16.08:121][  0]LogContentBrowser: Native class hierarchy updated for 'AddContentDialog' in 0.0013 seconds. Added 0 classes and 0 folders.
[2017.03.27-14.16.08:178][  0]LogCrashTracker: Crashtracker disabled due to settings.
[2017.03.27-14.16.08:188][  0]LogUObjectGlobals:Warning: Failed to find object 'Class None.'
[2017.03.27-14.16.08:254][  0]LogContentBrowser: Native class hierarchy updated for 'HierarchicalLODOutliner' in 0.0007 seconds. Added 1 classes and 2 folders.
[2017.03.27-14.16.08:254][  0]LogLoad: (Engine Initialization) Total time: 35.69 seconds
[2017.03.27-14.16.08:254][  0]LogLoad: (Engine Initialization) Total Blueprint compile time: 0.20 seconds
[2017.03.27-14.16.08:254][  0]LogExternalProfiler: Found external profiler: VSPerf
[2017.03.27-14.16.08:254][  0]LogExternalProfiler: Using external profiler: VSPerf
[2017.03.27-14.16.08:593][  0]LogOcInput: OculusInput pre-init called
[2017.03.27-14.16.08:614][  0]LogContentStreaming: Texture pool size now 1000 MB
[2017.03.27-14.16.08:618][  0]LogSlate: Took 0.000341 seconds to synchronously load lazily loaded font '../../../Engine/Content/Slate/Fonts/Roboto-Bold.ttf' (160K)
[2017.03.27-14.16.08:640][  0]LogSlate: Took 0.018299 seconds to synchronously load lazily loaded font '../../../Engine/Content/Editor/Slate/Fonts/FontAwesome.ttf' (139K)
[2017.03.27-14.16.08:992][  0]LogSlate: Took 0.021858 seconds to synchronously load lazily loaded font '../../../Engine/Content/Slate/Fonts/Roboto-Light.ttf' (159K)
[2017.03.27-14.16.09:037][  0]LogRenderer: Reallocating scene render targets to support 1012x484 NumSamples 1 (Frame:2).
[2017.03.27-14.16.09:146][  1]LogAssetRegistry: Asset discovery search completed in 28.0502 seconds
[2017.03.27-14.16.09:146][  1]LogCollectionManager: Rebuilt the object cache for 0 collections in 0.000007 seconds (found 0 objects)
[2017.03.27-14.16.09:146][  1]LogCollectionManager: Fixed up redirectors for 0 collections in 0.000024 seconds (updated 0 objects)
[2017.03.27-14.16.09:430][  4]LogSlate: Took 0.000450 seconds to synchronously load lazily loaded font '../../../Engine/Content/Slate/Fonts/Roboto-Light.ttf' (159K)
[2017.03.27-14.16.15:816][611]LogSlate: Took 0.000451 seconds to synchronously load lazily loaded font '../../../Engine/Content/Slate/Fonts/Roboto-Light.ttf' (159K)
[2017.03.27-14.16.16:738][611]LogSlate: Took 0.000436 seconds to synchronously load lazily loaded font '../../../Engine/Content/Slate/Fonts/Roboto-Regular.ttf' (155K)
[2017.03.27-14.16.17:039][611]LogContentBrowser: Native class hierarchy updated for 'BlueprintGraph' in 0.0010 seconds. Added 112 classes and 0 folders.
[2017.03.27-14.16.18:511][611]LogContentBrowser: Native class hierarchy updated for 'SkeletonEditor' in 0.0007 seconds. Added 1 classes and 2 folders.
[2017.03.27-14.16.18:928][611]LogActorComponent: RegisterComponentWithWorld: (/Engine/Transient.World_2:PersistentLevel.Actor_0.DebugSkelMeshComponent_0) Already registered. Aborting.
[2017.03.27-14.16.19:055][611]LogSkeletalMesh: USkeletalMeshComponent::InitArticulated : Bodies already created (/Engine/Transient.World_2:PersistentLevel.Actor_0.DebugSkelMeshComponent_0) - call TermArticulated first.
[2017.03.27-14.16.19:258][611]LogMaterial: Missing cached shader map for material BasicFootPrint_Mat, compiling. 
[2017.03.27-14.16.19:259][611]LogTemp:Display: Added material ShaderMap 0x000001A1CA8C9280 with Material 0x000001A1D63EF880 to ShaderMapsBeingCompiled
[2017.03.27-14.16.19:292][611]LogTemp:Display: Kicking off shader compilation for BasicFootPrint_Mat, GameThreadShaderMap 0x000001A1CA8C9280
[2017.03.27-14.16.19:375][611]LogMaterial: Missing cached shader map for material BasicFootPrint_Mat, compiling. 
[2017.03.27-14.16.19:376][611]LogTemp:Display: Added material ShaderMap 0x000001A1D99EF900 with Material 0x000001A1D63EF880 to ShaderMapsBeingCompiled
[2017.03.27-14.16.19:391][611]LogTemp:Display: Kicking off shader compilation for BasicFootPrint_Mat, GameThreadShaderMap 0x000001A1D99EF900
[2017.03.27-14.16.19:392][611]LogMaterial: 0.00 seconds spent updating 1 materials, 1 interfaces, 0 instances, 0 with static permutations.
[2017.03.27-14.16.19:420][611]LogMaterial: Missing cached shader map for material FMatExpressionPreview MaterialExpressionMultiply_1, compiling. 
[2017.03.27-14.16.19:422][611]LogTemp:Display: Added material ShaderMap 0x000001A1D9924800 with Material 0x000001A1D998FA00 to ShaderMapsBeingCompiled
[2017.03.27-14.16.19:426][611]LogTemp:Display: Kicking off shader compilation for FMatExpressionPreview MaterialExpressionMultiply_1, GameThreadShaderMap 0x000001A1D9924800
[2017.03.27-14.16.19:428][611]LogMaterial: Missing cached shader map for material FMatExpressionPreview MaterialExpressionTextureSample_0, compiling. 
[2017.03.27-14.16.19:429][611]LogTemp:Display: Added material ShaderMap 0x000001A1B2CA1D00 with Material 0x000001A1D998D300 to ShaderMapsBeingCompiled
[2017.03.27-14.16.19:432][611]LogTemp:Display: Kicking off shader compilation for FMatExpressionPreview MaterialExpressionTextureSample_0, GameThreadShaderMap 0x000001A1B2CA1D00
[2017.03.27-14.16.19:446][611]LogMaterial: Missing cached shader map for material Snow, compiling. 
[2017.03.27-14.16.19:447][611]LogTemp:Display: Added material ShaderMap 0x000001A1D965F580 with Material 0x000001A1D99BD300 to ShaderMapsBeingCompiled
[2017.03.27-14.16.19:467][611]LogTemp:Display: Kicking off shader compilation for Snow, GameThreadShaderMap 0x000001A1D965F580
[2017.03.27-14.16.19:572][611]LogMaterial: Missing cached shader map for material Snow, compiling. 
[2017.03.27-14.16.19:574][611]LogTemp:Display: Added material ShaderMap 0x000001A1E18FEB00 with Material 0x000001A1D99BD300 to ShaderMapsBeingCompiled
[2017.03.27-14.16.19:592][611]LogTemp:Display: Kicking off shader compilation for Snow, GameThreadShaderMap 0x000001A1E18FEB00
[2017.03.27-14.16.19:592][611]LogMaterial: 0.00 seconds spent updating 1 materials, 1 interfaces, 0 instances, 0 with static permutations.
[2017.03.27-14.16.19:618][611]LogMaterial: Missing cached shader map for material FMatExpressionPreview MaterialExpressionConstant3Vector_0, compiling. 
[2017.03.27-14.16.19:618][611]LogTemp:Display: Added material ShaderMap 0x000001A1E185DD00 with Material 0x000001A1E1893A00 to ShaderMapsBeingCompiled
[2017.03.27-14.16.19:622][611]LogTemp:Display: Kicking off shader compilation for FMatExpressionPreview MaterialExpressionConstant3Vector_0, GameThreadShaderMap 0x000001A1E185DD00
[2017.03.27-14.16.19:636][611]LogMaterial: Missing cached shader map for material Wood, compiling. 
[2017.03.27-14.16.19:637][611]LogTemp:Display: Added material ShaderMap 0x000001A1E0D77200 with Material 0x000001A1E18A5800 to ShaderMapsBeingCompiled
[2017.03.27-14.16.19:651][611]LogTemp:Display: Kicking off shader compilation for Wood, GameThreadShaderMap 0x000001A1E0D77200
[2017.03.27-14.16.19:754][611]LogMaterial: Missing cached shader map for material Wood, compiling. 
[2017.03.27-14.16.19:755][611]LogTemp:Display: Added material ShaderMap 0x000001A1E4784100 with Material 0x000001A1E18A5800 to ShaderMapsBeingCompiled
[2017.03.27-14.16.19:774][611]LogTemp:Display: Kicking off shader compilation for Wood, GameThreadShaderMap 0x000001A1E4784100
[2017.03.27-14.16.19:774][611]LogMaterial: 0.00 seconds spent updating 1 materials, 1 interfaces, 0 instances, 0 with static permutations.
[2017.03.27-14.16.19:800][611]LogMaterial: Missing cached shader map for material FMatExpressionPreview MaterialExpressionConstant3Vector_0, compiling. 
[2017.03.27-14.16.19:801][611]LogTemp:Display: Added material ShaderMap 0x000001A1E55CF580 with Material 0x000001A1E4731300 to ShaderMapsBeingCompiled
[2017.03.27-14.16.19:806][611]LogTemp:Display: Kicking off shader compilation for FMatExpressionPreview MaterialExpressionConstant3Vector_0, GameThreadShaderMap 0x000001A1E55CF580
[2017.03.27-14.16.19:820][611]LogMaterial: Missing cached shader map for material Grass, compiling. 
[2017.03.27-14.16.19:821][611]LogTemp:Display: Added material ShaderMap 0x000001A1E55CD280 with Material 0x000001A1E1057600 to ShaderMapsBeingCompiled
[2017.03.27-14.16.19:843][611]LogTemp:Display: Kicking off shader compilation for Grass, GameThreadShaderMap 0x000001A1E55CD280
[2017.03.27-14.16.19:967][611]LogMaterial: Missing cached shader map for material Grass, compiling. 
[2017.03.27-14.16.19:969][611]LogTemp:Display: Added material ShaderMap 0x000001A1E91FE400 with Material 0x000001A1E1057600 to ShaderMapsBeingCompiled
[2017.03.27-14.16.19:988][611]LogTemp:Display: Kicking off shader compilation for Grass, GameThreadShaderMap 0x000001A1E91FE400
[2017.03.27-14.16.19:988][611]LogMaterial: 0.00 seconds spent updating 1 materials, 1 interfaces, 0 instances, 0 with static permutations.
[2017.03.27-14.16.20:018][611]LogMaterial: Missing cached shader map for material FMatExpressionPreview MaterialExpressionConstant3Vector_0, compiling. 
[2017.03.27-14.16.20:020][611]LogTemp:Display: Added material ShaderMap 0x000001A1E9145980 with Material 0x000001A1E913FA00 to ShaderMapsBeingCompiled
[2017.03.27-14.16.20:023][611]LogTemp:Display: Kicking off shader compilation for FMatExpressionPreview MaterialExpressionConstant3Vector_0, GameThreadShaderMap 0x000001A1E9145980
[2017.03.27-14.16.20:081][611]LogSlate: Took 0.032780 seconds to synchronously load lazily loaded font '../../../Engine/Content/Editor/Slate/Fonts/Roboto-BoldCondensed.ttf' (158K)
[2017.03.27-14.16.27:896][  6]LogTemp:Display: Finished compile of shader map 0x000001A1D99EF900
[2017.03.27-14.16.27:896][  6]LogTemp:Display: Shader map BasicFootPrint_Mat complete, GameThreadShaderMap 0x000001A1D99EF900, marking material BasicFootPrint_Mat as finished
[2017.03.27-14.16.27:896][  6]LogTemp:Display: Marking material as finished 0x000001A1D63EF880
[2017.03.27-14.16.27:916][  7]MaterialEditorStats: Info Base pass shader with only dynamic lighting: 51 instructions
[2017.03.27-14.16.27:916][  7]MaterialEditorStats: Info Base pass shader for self shadowed translucency: 87 instructions
[2017.03.27-14.16.27:916][  7]MaterialEditorStats: Info Vertex shader: 83 instructions
[2017.03.27-14.16.27:916][  7]MaterialEditorStats: Info Texture samplers: 5/16
[2017.03.27-14.16.28:422][ 37]LogTemp:Display: Finished compile of shader map 0x000001A1D9924800
[2017.03.27-14.16.28:422][ 37]LogTemp:Display: Shader map FMatExpressionPreview MaterialExpressionMultiply_1 complete, GameThreadShaderMap 0x000001A1D9924800, marking material FMatExpressionPreview MaterialExpressionMultiply_1 as finished
[2017.03.27-14.16.28:422][ 37]LogTemp:Display: Marking material as finished 0x000001A1D998FA00
[2017.03.27-14.16.28:917][ 66]LogTemp:Display: Finished compile of shader map 0x000001A1B2CA1D00
[2017.03.27-14.16.28:917][ 66]LogTemp:Display: Shader map FMatExpressionPreview MaterialExpressionTextureSample_0 complete, GameThreadShaderMap 0x000001A1B2CA1D00, marking material FMatExpressionPreview MaterialExpressionTextureSample_0 as finished
[2017.03.27-14.16.28:917][ 66]LogTemp:Display: Marking material as finished 0x000001A1D998D300
[2017.03.27-14.16.34:639][477]LogTemp: Repeting last play command: Selected Viewport
[2017.03.27-14.16.34:650][477]LogBlueprintUserMessages: Early PlayInEditor Detection: Level '/Game/ThirdPersonBP/Maps/ThirdPersonExampleMap.ThirdPersonExampleMap:PersistentLevel' has LevelScriptBlueprint '/Game/ThirdPersonBP/Maps/ThirdPersonExampleMap.ThirdPersonExampleMap:PersistentLevel.ThirdPersonExampleMap' with GeneratedClass '/Game/ThirdPersonBP/Maps/ThirdPersonExampleMap.ThirdPersonExampleMap_C' with ClassGeneratedBy '/Game/ThirdPersonBP/Maps/ThirdPersonExampleMap.ThirdPersonExampleMap:PersistentLevel.ThirdPersonExampleMap'
[2017.03.27-14.16.34:650][477]LogPlayLevel: PlayLevel: No blueprints needed recompiling
[2017.03.27-14.16.34:651][477]PIE: New page: PIE session: ThirdPersonExampleMap (27 Mar 2017 4:16:34 pm)
[2017.03.27-14.16.34:651][477]LogPlayLevel: Creating play world package: /Game/ThirdPersonBP/Maps/UEDPIE_0_ThirdPersonExampleMap
[2017.03.27-14.16.34:714][477]LogPlayLevel: PIE: StaticDuplicateObject took: (0.062852s)
[2017.03.27-14.16.34:715][477]LogAIModule: Creating AISystem for world ThirdPersonExampleMap
[2017.03.27-14.16.34:715][477]LogPlayLevel: PIE: World Init took: (0.001520s)
[2017.03.27-14.16.34:716][477]LogPlayLevel: PIE: Created PIE world by copying editor world from /Game/ThirdPersonBP/Maps/ThirdPersonExampleMap.ThirdPersonExampleMap to /Game/ThirdPersonBP/Maps/UEDPIE_0_ThirdPersonExampleMap.ThirdPersonExampleMap (0.064901s)
[2017.03.27-14.16.34:794][477]LogInit: XAudio2 using 'Speakers (Realtek High Definition Audio)' : 2 channels at 48 kHz using 32 bits per sample (channel mask 0x3)
[2017.03.27-14.16.34:809][477]LogInit: FAudioDevice initialized.
[2017.03.27-14.16.35:046][477]LogLoad: Game class is 'ThirdPersonGameMode_C'
[2017.03.27-14.16.35:051][477]LogWorld: Bringing World /Game/ThirdPersonBP/Maps/UEDPIE_0_ThirdPersonExampleMap.ThirdPersonExampleMap up for play (max tick rate 0) at 2017.03.27-15.16.35
[2017.03.27-14.16.35:051][477]LogWorld: Bringing up level for play took: 0.004445
[2017.03.27-14.16.35:121][477]LogContentBrowser: Native class hierarchy updated for 'MovieSceneCapture' in 0.0010 seconds. Added 11 classes and 0 folders.
[2017.03.27-14.16.35:122][477]PIE: Info Play in editor start time for /Game/ThirdPersonBP/Maps/UEDPIE_0_ThirdPersonExampleMap 0.238
[2017.03.27-14.16.35:123][477]LogBlueprintUserMessages: Late PlayInEditor Detection: Level '/Game/ThirdPersonBP/Maps/ThirdPersonExampleMap.ThirdPersonExampleMap:PersistentLevel' has LevelScriptBlueprint '/Game/ThirdPersonBP/Maps/ThirdPersonExampleMap.ThirdPersonExampleMap:PersistentLevel.ThirdPersonExampleMap' with GeneratedClass '/Game/ThirdPersonBP/Maps/ThirdPersonExampleMap.ThirdPersonExampleMap_C' with ClassGeneratedBy '/Game/ThirdPersonBP/Maps/ThirdPersonExampleMap.ThirdPersonExampleMap:PersistentLevel.ThirdPersonExampleMap'
[2017.03.27-14.16.35:137][477]LogTemp:Display: Finished compile of shader map 0x000001A1E18FEB00
[2017.03.27-14.16.35:137][477]LogTemp:Display: Shader map Snow complete, GameThreadShaderMap 0x000001A1E18FEB00, marking material Snow as finished
[2017.03.27-14.16.35:137][477]LogTemp:Display: Marking material as finished 0x000001A1D99BD300
[2017.03.27-14.16.35:141][477]LogTemp:Display: Finished compile of shader map 0x000001A1E185DD00
[2017.03.27-14.16.35:142][477]LogTemp:Display: Shader map FMatExpressionPreview MaterialExpressionConstant3Vector_0 complete, GameThreadShaderMap 0x000001A1E185DD00, marking material FMatExpressionPreview MaterialExpressionConstant3Vector_0 as finished
[2017.03.27-14.16.35:142][477]LogTemp:Display: Marking material as finished 0x000001A1E1893A00
[2017.03.27-14.16.35:189][478]MaterialEditorStats: Info Base pass shader with static lighting: 106 instructions
[2017.03.27-14.16.35:189][478]MaterialEditorStats: Info Base pass shader with only dynamic lighting: 80 instructions
[2017.03.27-14.16.35:189][478]MaterialEditorStats: Info Vertex shader: 29 instructions
[2017.03.27-14.16.35:189][478]MaterialEditorStats: Info Texture samplers: 3/16
[2017.03.27-14.16.39:089][846]LogTemp:Display: Finished compile of shader map 0x000001A1E4784100
[2017.03.27-14.16.39:089][846]LogTemp:Display: Shader map Wood complete, GameThreadShaderMap 0x000001A1E4784100, marking material Wood as finished
[2017.03.27-14.16.39:089][846]LogTemp:Display: Marking material as finished 0x000001A1E18A5800
[2017.03.27-14.16.39:103][847]MaterialEditorStats: Info Base pass shader with static lighting: 106 instructions
[2017.03.27-14.16.39:103][847]MaterialEditorStats: Info Base pass shader with only dynamic lighting: 80 instructions
[2017.03.27-14.16.39:103][847]MaterialEditorStats: Info Vertex shader: 29 instructions
[2017.03.27-14.16.39:103][847]MaterialEditorStats: Info Texture samplers: 3/16
[2017.03.27-14.16.39:250][861]LogTemp:Display: Finished compile of shader map 0x000001A1E55CF580
[2017.03.27-14.16.39:250][861]LogTemp:Display: Shader map FMatExpressionPreview MaterialExpressionConstant3Vector_0 complete, GameThreadShaderMap 0x000001A1E55CF580, marking material FMatExpressionPreview MaterialExpressionConstant3Vector_0 as finished
[2017.03.27-14.16.39:250][861]LogTemp:Display: Marking material as finished 0x000001A1E4731300
[2017.03.27-14.16.41:090][ 44]LogBlueprintUserMessages: [ThirdPersonCharacter_167] wood
[2017.03.27-14.16.42:946][226]LogBlueprintUserMessages: [ThirdPersonCharacter_167] wood
[2017.03.27-14.16.43:252][257]LogBlueprintUserMessages: [ThirdPersonCharacter_167] wood
[2017.03.27-14.16.43:518][283]LogTemp:Display: Finished compile of shader map 0x000001A1E91FE400
[2017.03.27-14.16.43:518][283]LogTemp:Display: Shader map Grass complete, GameThreadShaderMap 0x000001A1E91FE400, marking material Grass as finished
[2017.03.27-14.16.43:518][283]LogTemp:Display: Marking material as finished 0x000001A1E1057600
[2017.03.27-14.16.43:530][284]MaterialEditorStats: Info Base pass shader with static lighting: 106 instructions
[2017.03.27-14.16.43:530][284]MaterialEditorStats: Info Base pass shader with only dynamic lighting: 80 instructions
[2017.03.27-14.16.43:530][284]MaterialEditorStats: Info Vertex shader: 29 instructions
[2017.03.27-14.16.43:530][284]MaterialEditorStats: Info Texture samplers: 3/16
[2017.03.27-14.16.43:544][285]LogBlueprintUserMessages: [ThirdPersonCharacter_167] wood
[2017.03.27-14.16.43:855][315]LogBlueprintUserMessages: [ThirdPersonCharacter_167] wood
[2017.03.27-14.16.43:953][324]LogTemp:Display: Finished compile of shader map 0x000001A1E9145980
[2017.03.27-14.16.43:953][324]LogTemp:Display: Shader map FMatExpressionPreview MaterialExpressionConstant3Vector_0 complete, GameThreadShaderMap 0x000001A1E9145980, marking material FMatExpressionPreview MaterialExpressionConstant3Vector_0 as finished
[2017.03.27-14.16.43:953][324]LogTemp:Display: Marking material as finished 0x000001A1E913FA00
[2017.03.27-14.16.44:147][339]LogBlueprintUserMessages: [ThirdPersonCharacter_167] wood
[2017.03.27-14.16.44:452][370]LogBlueprintUserMessages: [ThirdPersonCharacter_167] wood
[2017.03.27-14.16.44:745][400]LogScript:Warning: Accessed None trying to read property CallFunc_BreakHitResult_PhysMat
	ThirdPersonCharacter_C /Game/ThirdPersonBP/Maps/UEDPIE_0_ThirdPersonExampleMap.ThirdPersonExampleMap:PersistentLevel.ThirdPersonCharacter_167
	Function /Game/ThirdPersonBP/Blueprints/ThirdPersonCharacter.ThirdPersonCharacter_C:FootPrints:03A3
[2017.03.27-14.16.44:745][400]PIE:Error: Error Blueprint Runtime Error: Accessed None trying to read property CallFunc_BreakHitResult_PhysMat from function: 'FootPrints' from node: Set Material in graph: FootPrints in object: ThirdPersonCharacter with description: Accessed None trying to read property CallFunc_BreakHitResult_PhysMat
[2017.03.27-14.16.45:058][432]LogBlueprintUserMessages: [ThirdPersonCharacter_167] wood
[2017.03.27-14.16.45:341][461]LogBlueprintUserMessages: [ThirdPersonCharacter_167] wood
[2017.03.27-14.16.45:654][493]LogBlueprintUserMessages: [ThirdPersonCharacter_167] wood
[2017.03.27-14.16.45:945][523]LogBlueprintUserMessages: [ThirdPersonCharacter_167] wood
[2017.03.27-14.16.48:445][779]LogBlueprintUserMessages: [ThirdPersonCharacter_167] Grass
[2017.03.27-14.16.48:731][808]LogBlueprintUserMessages: [ThirdPersonCharacter_167] Grass
[2017.03.27-14.16.49:046][840]LogBlueprintUserMessages: [ThirdPersonCharacter_167] Grass
[2017.03.27-14.16.49:333][869]LogBlueprintUserMessages: [ThirdPersonCharacter_167] Grass
[2017.03.27-14.16.49:647][901]LogBlueprintUserMessages: [ThirdPersonCharacter_167] Grass
[2017.03.27-14.16.49:933][930]LogBlueprintUserMessages: [ThirdPersonCharacter_167] Grass
[2017.03.27-14.16.50:248][962]LogBlueprintUserMessages: [ThirdPersonCharacter_167] Grass
[2017.03.27-14.16.50:536][991]LogScript:Warning: Accessed None trying to read property CallFunc_BreakHitResult_PhysMat
	ThirdPersonCharacter_C /Game/ThirdPersonBP/Maps/UEDPIE_0_ThirdPersonExampleMap.ThirdPersonExampleMap:PersistentLevel.ThirdPersonCharacter_167
	Function /Game/ThirdPersonBP/Blueprints/ThirdPersonCharacter.ThirdPersonCharacter_C:FootPrints:03A3
[2017.03.27-14.16.50:536][991]PIE:Error: Error Blueprint Runtime Error: Accessed None trying to read property CallFunc_BreakHitResult_PhysMat from function: 'FootPrints' from node: Set Material in graph: FootPrints in object: ThirdPersonCharacter with description: Accessed None trying to read property CallFunc_BreakHitResult_PhysMat
[2017.03.27-14.16.54:294][377]LogBlueprintUserMessages: [ThirdPersonCharacter_167] wood
[2017.03.27-14.16.54:576][406]LogBlueprintUserMessages: [ThirdPersonCharacter_167] wood
[2017.03.27-14.16.54:887][438]LogBlueprintUserMessages: [ThirdPersonCharacter_167] wood
[2017.03.27-14.16.55:180][468]LogBlueprintUserMessages: [ThirdPersonCharacter_167] wood
[2017.03.27-14.16.55:495][500]LogBlueprintUserMessages: [ThirdPersonCharacter_167] wood
[2017.03.27-14.16.55:779][529]LogBlueprintUserMessages: [ThirdPersonCharacter_167] wood
[2017.03.27-14.16.56:095][561]LogBlueprintUserMessages: [ThirdPersonCharacter_167] wood
[2017.03.27-14.16.56:381][590]LogBlueprintUserMessages: [ThirdPersonCharacter_167] wood
[2017.03.27-14.16.59:111][869]LogBlueprintUserMessages: [ThirdPersonCharacter_167] Snow
[2017.03.27-14.16.59:424][901]LogBlueprintUserMessages: [ThirdPersonCharacter_167] Snow
[2017.03.27-14.16.59:705][930]LogBlueprintUserMessages: [ThirdPersonCharacter_167] Snow
[2017.03.27-14.17.00:019][962]LogBlueprintUserMessages: [ThirdPersonCharacter_167] Snow
[2017.03.27-14.17.00:311][992]LogBlueprintUserMessages: [ThirdPersonCharacter_167] Snow
[2017.03.27-14.17.00:628][ 24]LogBlueprintUserMessages: [ThirdPersonCharacter_167] Snow
[2017.03.27-14.17.00:912][ 53]LogBlueprintUserMessages: [ThirdPersonCharacter_167] Snow
[2017.03.27-14.17.01:228][ 85]LogBlueprintUserMessages: [ThirdPersonCharacter_167] Snow
[2017.03.27-14.17.01:512][114]LogScript:Warning: Accessed None trying to read property CallFunc_BreakHitResult_PhysMat
	ThirdPersonCharacter_C /Game/ThirdPersonBP/Maps/UEDPIE_0_ThirdPersonExampleMap.ThirdPersonExampleMap:PersistentLevel.ThirdPersonCharacter_167
	Function /Game/ThirdPersonBP/Blueprints/ThirdPersonCharacter.ThirdPersonCharacter_C:FootPrints:03A3
[2017.03.27-14.17.01:512][114]PIE:Error: Error Blueprint Runtime Error: Accessed None trying to read property CallFunc_BreakHitResult_PhysMat from function: 'FootPrints' from node: Set Material in graph: FootPrints in object: ThirdPersonCharacter with description: Accessed None trying to read property CallFunc_BreakHitResult_PhysMat
[2017.03.27-14.17.06:962][672]LogBlueprintUserMessages: Early EndPlayMap Detection: Level '/Game/ThirdPersonBP/Maps/ThirdPersonExampleMap.ThirdPersonExampleMap:PersistentLevel' has LevelScriptBlueprint '/Game/ThirdPersonBP/Maps/ThirdPersonExampleMap.ThirdPersonExampleMap:PersistentLevel.ThirdPersonExampleMap' with GeneratedClass '/Game/ThirdPersonBP/Maps/ThirdPersonExampleMap.ThirdPersonExampleMap_C' with ClassGeneratedBy '/Game/ThirdPersonBP/Maps/ThirdPersonExampleMap.ThirdPersonExampleMap:PersistentLevel.ThirdPersonExampleMap'
[2017.03.27-14.17.07:185][672]LogBlueprintUserMessages: Late EndPlayMap Detection: Level '/Game/ThirdPersonBP/Maps/ThirdPersonExampleMap.ThirdPersonExampleMap:PersistentLevel' has LevelScriptBlueprint '/Game/ThirdPersonBP/Maps/ThirdPersonExampleMap.ThirdPersonExampleMap:PersistentLevel.ThirdPersonExampleMap' with GeneratedClass '/Game/ThirdPersonBP/Maps/ThirdPersonExampleMap.ThirdPersonExampleMap_C' with ClassGeneratedBy '/Game/ThirdPersonBP/Maps/ThirdPersonExampleMap.ThirdPersonExampleMap:PersistentLevel.ThirdPersonExampleMap'
[2017.03.27-14.23.44:072][434]LogSlate: Took 0.012534 seconds to synchronously load lazily loaded font '../../../Engine/Content/Editor/Slate/Fonts/Roboto-Italic.ttf' (157K)
[2017.03.27-14.30.53:622][831]LogFileHelpers: Editor autosave (incl. sublevels) for '/Game/ThirdPersonBP/Maps/ThirdPersonExampleMap' took 0.034
[2017.03.27-14.30.53:625][831]OBJ SavePackage: Generating thumbnails for [1] asset(s) in package [/Game/ThirdPersonBP/Blueprints/ThirdPersonCharacter] ([1] browsable assets)...
[2017.03.27-14.30.53:658][831]OBJ SavePackage:     Rendered thumbnail for [Blueprint /Game/ThirdPersonBP/Blueprints/ThirdPersonCharacter.ThirdPersonCharacter]
[2017.03.27-14.30.53:658][831]OBJ SavePackage: Finished generating thumbnails for package [/Game/ThirdPersonBP/Blueprints/ThirdPersonCharacter]
[2017.03.27-14.30.53:746][831]LogSavePackage: Save=78.67ms
[2017.03.27-14.30.53:746][831]LogSavePackage: Moving '../../../../Elio_Physics_FootPrint/Footprints/Saved/ThirdPersonCharacter_Auto16EE9B6FB4ADB03D05C57E881A1E18683.tmp' to '../../../../Elio_Physics_FootPrint/Footprints/Saved/Autosaves/Game/ThirdPersonBP/Blueprints/ThirdPersonCharacter_Auto1.uasset'
[2017.03.27-14.30.53:748][831]LogSavePackage:Display: Finished SavePackage ../../../../Elio_Physics_FootPrint/Footprints/Saved/Autosaves/Game/ThirdPersonBP/Blueprints/ThirdPersonCharacter_Auto1.uasset
[2017.03.27-14.30.53:748][831]LogFileHelpers: Auto-saving content packages took 0.125
[2017.03.27-14.34.32:443][ 82]LogSlate: Took 0.066330 seconds to synchronously load lazily loaded font '../../../Engine/Content/Editor/Slate/Fonts/Roboto-BoldCondensedItalic.ttf' (160K)
[2017.03.27-14.35.45:467][925]BlueprintLog: New page: Compile ThirdPersonCharacter
[2017.03.27-14.35.47:058][960]LogSavePackage: Save=77.33ms
[2017.03.27-14.35.47:058][960]LogSavePackage: Moving '../../../../Elio_Physics_FootPrint/Footprints/Saved/ThirdPersonCharacter2E6250934F829675B43C74B05900F2A3.tmp' to '../../../../Elio_Physics_FootPrint/Footprints/Content/ThirdPersonBP/Blueprints/ThirdPersonCharacter.uasset'
[2017.03.27-14.35.47:116][960]LogSavePackage:Display: Finished SavePackage ../../../../Elio_Physics_FootPrint/Footprints/Content/ThirdPersonBP/Blueprints/ThirdPersonCharacter.uasset
[2017.03.27-14.42.58:402][482]LogSavePackage: Save=170.29ms
[2017.03.27-14.42.58:402][482]LogSavePackage: Moving '../../../../Elio_Physics_FootPrint/Footprints/Saved/ThirdPersonExampleMap_Auto2B7ECEEAD4F5755C9723BF0A5F6A483D5.tmp' to '../../../../Elio_Physics_FootPrint/Footprints/Saved/Autosaves/Game/ThirdPersonBP/Maps/ThirdPersonExampleMap_Auto2.umap'
[2017.03.27-14.42.58:414][482]LogSavePackage:Display: Finished SavePackage ../../../../Elio_Physics_FootPrint/Footprints/Saved/Autosaves/Game/ThirdPersonBP/Maps/ThirdPersonExampleMap_Auto2.umap
[2017.03.27-14.42.58:415][482]LogFileHelpers: Editor autosave (incl. sublevels) for '/Game/ThirdPersonBP/Maps/ThirdPersonExampleMap' took 0.561
[2017.03.27-14.42.58:416][482]LogFileHelpers: Editor autosave (incl. sublevels) for all levels took 0.561
[2017.03.27-14.42.58:418][482]OBJ SavePackage: Generating thumbnails for [1] asset(s) in package [/Game/ThirdPersonBP/Blueprints/ThirdPersonCharacter] ([1] browsable assets)...
[2017.03.27-14.42.58:501][482]OBJ SavePackage:     Rendered thumbnail for [Blueprint /Game/ThirdPersonBP/Blueprints/ThirdPersonCharacter.ThirdPersonCharacter]
[2017.03.27-14.42.58:501][482]OBJ SavePackage: Finished generating thumbnails for package [/Game/ThirdPersonBP/Blueprints/ThirdPersonCharacter]
[2017.03.27-14.42.58:623][482]LogSavePackage: Save=108.64ms
[2017.03.27-14.42.58:623][482]LogSavePackage: Moving '../../../../Elio_Physics_FootPrint/Footprints/Saved/ThirdPersonCharacter_Auto2949AA42A4174F05128FBDC97EE87F9F1.tmp' to '../../../../Elio_Physics_FootPrint/Footprints/Saved/Autosaves/Game/ThirdPersonBP/Blueprints/ThirdPersonCharacter_Auto2.uasset'
[2017.03.27-14.42.58:626][482]LogSavePackage:Display: Finished SavePackage ../../../../Elio_Physics_FootPrint/Footprints/Saved/Autosaves/Game/ThirdPersonBP/Blueprints/ThirdPersonCharacter_Auto2.uasset
[2017.03.27-14.42.58:627][482]LogFileHelpers: Auto-saving content packages took 0.210
[2017.03.27-14.51.28:789][633]LogMaterial: Missing cached shader map for material BasicFootPrint_Mat, compiling. 
[2017.03.27-14.51.28:791][633]LogTemp:Display: Added material ShaderMap 0x000001A22306F900 with Material 0x000001A1D63EF880 to ShaderMapsBeingCompiled
[2017.03.27-14.51.28:806][633]LogTemp:Display: Kicking off shader compilation for BasicFootPrint_Mat, GameThreadShaderMap 0x000001A22306F900
[2017.03.27-14.51.28:807][633]LogMaterial: 0.00 seconds spent updating 1 materials, 1 interfaces, 0 instances, 0 with static permutations.
[2017.03.27-14.51.28:808][633]LogMaterial: Missing cached shader map for material FMatExpressionPreview MaterialExpressionConstant3Vector_0, compiling. 
[2017.03.27-14.51.28:809][633]LogTemp:Display: Added material ShaderMap 0x000001A2041AAE80 with Material 0x000001A222468400 to ShaderMapsBeingCompiled
[2017.03.27-14.51.28:813][633]LogTemp:Display: Kicking off shader compilation for FMatExpressionPreview MaterialExpressionConstant3Vector_0, GameThreadShaderMap 0x000001A2041AAE80
[2017.03.27-14.51.32:115][815]LogMaterial: Missing cached shader map for material BasicFootPrint_Mat, compiling. 
[2017.03.27-14.51.32:116][815]LogTemp:Display: Added material ShaderMap 0x000001A223194100 with Material 0x000001A1D63EF880 to ShaderMapsBeingCompiled
[2017.03.27-14.51.32:141][815]LogTemp:Display: Kicking off shader compilation for BasicFootPrint_Mat, GameThreadShaderMap 0x000001A223194100
[2017.03.27-14.51.32:141][815]LogMaterial: 0.00 seconds spent updating 1 materials, 1 interfaces, 0 instances, 0 with static permutations.
[2017.03.27-14.51.33:543][887]LogTemp:Display: Finished compile of shader map 0x000001A2041AAE80
[2017.03.27-14.51.33:543][887]LogTemp:Display: Shader map FMatExpressionPreview MaterialExpressionConstant3Vector_0 complete, GameThreadShaderMap 0x000001A2041AAE80, marking material FMatExpressionPreview NULL as finished
[2017.03.27-14.51.33:543][887]LogTemp:Display: Marking material as finished 0x000001A222468400
[2017.03.27-14.51.33:618][891]LogTemp:Display: Finished compile of shader map 0x000001A22306F900
[2017.03.27-14.51.33:618][891]LogTemp:Display: Shader map BasicFootPrint_Mat complete, GameThreadShaderMap 0x000001A22306F900, marking material BasicFootPrint_Mat as finished
[2017.03.27-14.51.33:618][891]LogTemp:Display: Marking material as finished 0x000001A1D63EF880
[2017.03.27-14.51.39:025][191]LogMaterial: Missing cached shader map for material BasicFootPrint_Mat, compiling. 
[2017.03.27-14.51.39:027][191]LogTemp:Display: Added material ShaderMap 0x000001A2227C7200 with Material 0x000001A1D63EF880 to ShaderMapsBeingCompiled
[2017.03.27-14.51.39:051][191]LogTemp:Display: Kicking off shader compilation for BasicFootPrint_Mat, GameThreadShaderMap 0x000001A2227C7200
[2017.03.27-14.51.39:051][191]LogMaterial: 0.00 seconds spent updating 1 materials, 1 interfaces, 0 instances, 0 with static permutations.
[2017.03.27-14.51.40:378][233]LogTemp:Display: Finished compile of shader map 0x000001A223194100
[2017.03.27-14.51.40:378][233]LogTemp:Display: Shader map BasicFootPrint_Mat complete, GameThreadShaderMap 0x000001A223194100, marking material BasicFootPrint_Mat as finished
[2017.03.27-14.51.40:378][233]LogTemp:Display: Marking material as finished 0x000001A1D63EF880
[2017.03.27-14.51.42:261][336]LogMaterial: Missing cached shader map for material BasicFootPrint_Mat, compiling. 
[2017.03.27-14.51.42:262][336]LogTemp:Display: Added material ShaderMap 0x000001A222C7E400 with Material 0x000001A1D63EF880 to ShaderMapsBeingCompiled
[2017.03.27-14.51.42:287][336]LogTemp:Display: Kicking off shader compilation for BasicFootPrint_Mat, GameThreadShaderMap 0x000001A222C7E400
[2017.03.27-14.51.42:288][336]LogMaterial: 0.00 seconds spent updating 1 materials, 1 interfaces, 0 instances, 0 with static permutations.
[2017.03.27-14.51.43:357][393]LogTemp:Display: Finished compile of shader map 0x000001A2227C7200
[2017.03.27-14.51.43:357][393]LogTemp:Display: Shader map BasicFootPrint_Mat complete, GameThreadShaderMap 0x000001A2227C7200, marking material BasicFootPrint_Mat as finished
[2017.03.27-14.51.43:357][393]LogTemp:Display: Marking material as finished 0x000001A1D63EF880
[2017.03.27-14.51.51:221][824]LogTemp:Display: Finished compile of shader map 0x000001A222C7E400
[2017.03.27-14.51.51:221][824]LogTemp:Display: Shader map BasicFootPrint_Mat complete, GameThreadShaderMap 0x000001A222C7E400, marking material BasicFootPrint_Mat as finished
[2017.03.27-14.51.51:221][824]LogTemp:Display: Marking material as finished 0x000001A1D63EF880
[2017.03.27-14.51.51:237][825]MaterialEditorStats: Info Base pass shader with only dynamic lighting: 51 instructions
[2017.03.27-14.51.51:237][825]MaterialEditorStats: Info Base pass shader for self shadowed translucency: 87 instructions
[2017.03.27-14.51.51:237][825]MaterialEditorStats: Info Vertex shader: 83 instructions
[2017.03.27-14.51.51:237][825]MaterialEditorStats: Info Texture samplers: 5/16
[2017.03.27-14.51.55:422][ 63]LogMaterial: Missing cached shader map for material BasicFootPrint_Mat, compiling. 
[2017.03.27-14.51.55:423][ 63]LogTemp:Display: Added material ShaderMap 0x000001A22286F580 with Material 0x000001A1D63EF880 to ShaderMapsBeingCompiled
[2017.03.27-14.51.55:438][ 63]LogTemp:Display: Kicking off shader compilation for BasicFootPrint_Mat, GameThreadShaderMap 0x000001A22286F580
[2017.03.27-14.51.55:438][ 63]LogMaterial: 0.00 seconds spent updating 1 materials, 1 interfaces, 0 instances, 0 with static permutations.
[2017.03.27-14.51.55:442][ 63]LogMaterial: Missing cached shader map for material BasicFootPrint_Mat, compiling. 
[2017.03.27-14.51.55:442][ 63]LogMaterial:Warning: Failed to compile Material /Engine/Transient.BasicFootPrint_Mat for platform PCD3D_SM5, Default Material will be used in game.
[2017.03.27-14.51.55:442][ 63]LogMaterial:Warning: 	(Node Desaturation) Missing Desaturation input
[2017.03.27-14.51.55:442][ 63]LogMaterial: 0.00 seconds spent updating 1 materials, 1 interfaces, 0 instances, 0 with static permutations.
[2017.03.27-14.51.55:444][ 63]MaterialEditorStats:Error: Error [SM5] (Node Desaturation) Missing Desaturation input
[2017.03.27-14.51.58:446][237]LogMaterial: Missing cached shader map for material BasicFootPrint_Mat, compiling. 
[2017.03.27-14.51.58:447][237]LogTemp:Display: Added material ShaderMap 0x000001A1E94D5600 with Material 0x000001A1D63EF880 to ShaderMapsBeingCompiled
[2017.03.27-14.51.58:462][237]LogTemp:Display: Kicking off shader compilation for BasicFootPrint_Mat, GameThreadShaderMap 0x000001A1E94D5600
[2017.03.27-14.51.58:462][237]LogMaterial: 0.00 seconds spent updating 1 materials, 1 interfaces, 0 instances, 0 with static permutations.
[2017.03.27-14.52.06:400][662]LogTemp:Display: Finished compile of shader map 0x000001A1E94D5600
[2017.03.27-14.52.06:400][662]LogTemp:Display: Shader map BasicFootPrint_Mat complete, GameThreadShaderMap 0x000001A1E94D5600, marking material BasicFootPrint_Mat as finished
[2017.03.27-14.52.06:400][662]LogTemp:Display: Marking material as finished 0x000001A1D63EF880
[2017.03.27-14.52.06:418][663]MaterialEditorStats: Info Base pass shader with only dynamic lighting: 51 instructions
[2017.03.27-14.52.06:418][663]MaterialEditorStats: Info Base pass shader for self shadowed translucency: 87 instructions
[2017.03.27-14.52.06:418][663]MaterialEditorStats: Info Vertex shader: 83 instructions
[2017.03.27-14.52.06:418][663]MaterialEditorStats: Info Texture samplers: 5/16
[2017.03.27-14.52.15:991][208]LogMaterial: Missing cached shader map for material BasicFootPrint_Mat, compiling. 
[2017.03.27-14.52.15:992][208]LogTemp:Display: Added material ShaderMap 0x000001A223992400 with Material 0x000001A1D63EF880 to ShaderMapsBeingCompiled
[2017.03.27-14.52.16:007][208]LogTemp:Display: Kicking off shader compilation for BasicFootPrint_Mat, GameThreadShaderMap 0x000001A223992400
[2017.03.27-14.52.16:007][208]LogMaterial: 0.00 seconds spent updating 1 materials, 1 interfaces, 0 instances, 0 with static permutations.
[2017.03.27-14.52.16:008][208]LogMaterial: Missing cached shader map for material FMatExpressionPreview MaterialExpressionVectorParameter_0, compiling. 
[2017.03.27-14.52.16:009][208]LogTemp:Display: Added material ShaderMap 0x000001A223245980 with Material 0x000001A2227B4100 to ShaderMapsBeingCompiled
[2017.03.27-14.52.16:011][208]LogTemp:Display: Kicking off shader compilation for FMatExpressionPreview MaterialExpressionVectorParameter_0, GameThreadShaderMap 0x000001A223245980
[2017.03.27-14.52.16:014][208]LogMaterial: Missing cached shader map for material BasicFootPrint_Mat, compiling. 
[2017.03.27-14.52.16:015][208]LogTemp:Display: Added material ShaderMap 0x000001A223246780 with Material 0x000001A1D63EF880 to ShaderMapsBeingCompiled
[2017.03.27-14.52.16:036][208]LogTemp:Display: Kicking off shader compilation for BasicFootPrint_Mat, GameThreadShaderMap 0x000001A223246780
[2017.03.27-14.52.16:036][208]LogMaterial: 0.00 seconds spent updating 1 materials, 1 interfaces, 0 instances, 0 with static permutations.
[2017.03.27-14.52.16:039][208]LogTemp:Display: Removed shader map 0x000001A223245980 from material 0x000001A2227B4100
[2017.03.27-14.52.16:064][208]LogMaterial: Missing cached shader map for material FMatExpressionPreview MaterialExpressionVectorParameter_0, compiling. 
[2017.03.27-14.52.16:065][208]LogTemp:Display: Added material ShaderMap 0x000001A222C7C100 with Material 0x000001A223A65C00 to ShaderMapsBeingCompiled
[2017.03.27-14.52.16:069][208]LogTemp:Display: Kicking off shader compilation for FMatExpressionPreview MaterialExpressionVectorParameter_0, GameThreadShaderMap 0x000001A222C7C100
[2017.03.27-14.52.16:747][237]LogTemp:Display: Finished compile of shader map 0x000001A223245980
[2017.03.27-14.52.24:711][675]LogTemp:Display: Finished compile of shader map 0x000001A223246780
[2017.03.27-14.52.24:711][675]LogTemp:Display: Shader map BasicFootPrint_Mat complete, GameThreadShaderMap 0x000001A223246780, marking material BasicFootPrint_Mat as finished
[2017.03.27-14.52.24:711][675]LogTemp:Display: Marking material as finished 0x000001A1D63EF880
[2017.03.27-14.52.24:733][676]MaterialEditorStats: Info Base pass shader with only dynamic lighting: 51 instructions
[2017.03.27-14.52.24:733][676]MaterialEditorStats: Info Base pass shader for self shadowed translucency: 87 instructions
[2017.03.27-14.52.24:733][676]MaterialEditorStats: Info Vertex shader: 83 instructions
[2017.03.27-14.52.24:733][676]MaterialEditorStats: Info Texture samplers: 5/16
[2017.03.27-14.52.25:145][699]LogTemp:Display: Finished compile of shader map 0x000001A222C7C100
[2017.03.27-14.52.25:145][699]LogTemp:Display: Shader map FMatExpressionPreview MaterialExpressionVectorParameter_0 complete, GameThreadShaderMap 0x000001A222C7C100, marking material FMatExpressionPreview MaterialExpressionVectorParameter_0 as finished
[2017.03.27-14.52.25:145][699]LogTemp:Display: Marking material as finished 0x000001A223A65C00
[2017.03.27-14.52.53:185][672]LogMaterial: Missing cached shader map for material BasicFootPrint_Mat, compiling. 
[2017.03.27-14.52.53:186][672]LogTemp:Display: Added material ShaderMap 0x000001A222F08F00 with Material 0x000001A1D63EF880 to ShaderMapsBeingCompiled
[2017.03.27-14.52.53:205][672]LogTemp:Display: Kicking off shader compilation for BasicFootPrint_Mat, GameThreadShaderMap 0x000001A222F08F00
[2017.03.27-14.52.53:206][672]LogMaterial: 0.00 seconds spent updating 1 materials, 1 interfaces, 0 instances, 0 with static permutations.
[2017.03.27-14.52.53:234][672]LogMaterial: Missing cached shader map for material FMatExpressionPreview MaterialExpressionVectorParameter_0, compiling. 
[2017.03.27-14.52.53:236][672]LogTemp:Display: Added material ShaderMap 0x000001A2244BA080 with Material 0x000001A22247EE00 to ShaderMapsBeingCompiled
[2017.03.27-14.52.53:241][672]LogTemp:Display: Kicking off shader compilation for FMatExpressionPreview MaterialExpressionVectorParameter_0, GameThreadShaderMap 0x000001A2244BA080
[2017.03.27-14.52.53:241][672]LogMaterialEditor: Applying material BasicFootPrint_Mat
[2017.03.27-14.52.54:398][672]LogMaterial: Missing cached shader map for material BasicFootPrint_Mat, compiling. 
[2017.03.27-14.52.54:399][672]LogTemp:Display: Added material ShaderMap 0x000001A223246B00 with Material 0x000001A1D63EF880 to ShaderMapsBeingCompiled
[2017.03.27-14.52.54:449][672]LogTemp:Display: Kicking off shader compilation for BasicFootPrint_Mat, GameThreadShaderMap 0x000001A223246B00
[2017.03.27-14.52.54:449][672]LogMaterial: 0.00 seconds spent updating 1 materials, 1 interfaces, 0 instances, 0 with static permutations.
[2017.03.27-14.52.54:481][672]LogMaterial: Missing cached shader map for material BasicFootPrint_Mat, compiling. 
[2017.03.27-14.52.54:482][672]LogTemp:Display: Added material ShaderMap 0x000001A22426A080 with Material 0x000001A1AB916500 to ShaderMapsBeingCompiled
[2017.03.27-14.52.54:517][672]LogTemp:Display: Kicking off shader compilation for BasicFootPrint_Mat, GameThreadShaderMap 0x000001A22426A080
[2017.03.27-14.52.54:527][672]LogMaterial: Missing cached shader map for material BasicFootPrint_Mat, compiling. 
[2017.03.27-14.52.54:529][672]LogTemp:Display: Added material ShaderMap 0x000001A223E5E780 with Material 0x000001A1AB916500 to ShaderMapsBeingCompiled
[2017.03.27-14.52.54:559][672]LogTemp:Display: Kicking off shader compilation for BasicFootPrint_Mat, GameThreadShaderMap 0x000001A223E5E780
[2017.03.27-14.52.54:562][672]LogMaterial: 0.00 seconds spent updating 1 materials, 1 interfaces, 0 instances, 0 with static permutations.
[2017.03.27-14.52.54:625][672]TextureStreamingBuild:Display: Compiling optional shaders took 0.000 seconds.
[2017.03.27-14.52.54:686][672]LogTemp:Display: Finished compile of shader map 0x000001A222F08F00
[2017.03.27-14.52.54:686][672]LogTemp:Display: Shader map BasicFootPrint_Mat complete, GameThreadShaderMap 0x000001A222F08F00, marking material BasicFootPrint_Mat as finished
[2017.03.27-14.52.54:686][672]LogTemp:Display: Marking material as finished 0x000001A1D63EF880
[2017.03.27-14.52.55:221][696]LogTemp:Display: Finished compile of shader map 0x000001A2244BA080
[2017.03.27-14.52.55:221][696]LogTemp:Display: Shader map FMatExpressionPreview MaterialExpressionVectorParameter_0 complete, GameThreadShaderMap 0x000001A2244BA080, marking material FMatExpressionPreview MaterialExpressionVectorParameter_0 as finished
[2017.03.27-14.52.55:221][696]LogTemp:Display: Marking material as finished 0x000001A22247EE00
[2017.03.27-14.53.00:923][929]LogTemp:Display: Finished compile of shader map 0x000001A223246B00
[2017.03.27-14.53.00:924][929]LogTemp:Display: Shader map BasicFootPrint_Mat complete, GameThreadShaderMap 0x000001A223246B00, marking material BasicFootPrint_Mat as finished
[2017.03.27-14.53.00:924][929]LogTemp:Display: Marking material as finished 0x000001A1D63EF880
[2017.03.27-14.53.05:261][942]LogTemp:Display: Finished compile of shader map 0x000001A223E5E780
[2017.03.27-14.53.05:261][942]LogTemp:Display: Shader map BasicFootPrint_Mat complete, GameThreadShaderMap 0x000001A223E5E780, marking material BasicFootPrint_Mat as finished
[2017.03.27-14.53.05:261][942]LogTemp:Display: Marking material as finished 0x000001A1AB916500
[2017.03.27-14.53.05:589][943]MaterialEditorStats: Info Base pass shader with only dynamic lighting: 51 instructions
[2017.03.27-14.53.05:589][943]MaterialEditorStats: Info Base pass shader for self shadowed translucency: 87 instructions
[2017.03.27-14.53.05:589][943]MaterialEditorStats: Info Vertex shader: 83 instructions
[2017.03.27-14.53.05:589][943]MaterialEditorStats: Info Texture samplers: 5/16
[2017.03.27-14.53.23:648][108]LogSavePackage: Save=246.12ms
[2017.03.27-14.53.23:648][108]LogSavePackage: Moving '../../../../Elio_Physics_FootPrint/Footprints/Saved/ThirdPersonExampleMap_Auto3AD2CF1B2475E6326BB24FB979D1FF47A.tmp' to '../../../../Elio_Physics_FootPrint/Footprints/Saved/Autosaves/Game/ThirdPersonBP/Maps/ThirdPersonExampleMap_Auto3.umap'
[2017.03.27-14.53.23:650][108]LogSavePackage:Display: Finished SavePackage ../../../../Elio_Physics_FootPrint/Footprints/Saved/Autosaves/Game/ThirdPersonBP/Maps/ThirdPersonExampleMap_Auto3.umap
[2017.03.27-14.53.23:651][108]LogFileHelpers: Editor autosave (incl. sublevels) for '/Game/ThirdPersonBP/Maps/ThirdPersonExampleMap' took 0.334
[2017.03.27-14.53.23:651][108]LogFileHelpers: Editor autosave (incl. sublevels) for all levels took 0.334
[2017.03.27-14.53.23:655][108]OBJ SavePackage: Generating thumbnails for [1] asset(s) in package [/Game/ThirdPersonBP/Blueprints/ThirdPersonCharacter] ([1] browsable assets)...
[2017.03.27-14.53.23:729][108]OBJ SavePackage:     Rendered thumbnail for [Blueprint /Game/ThirdPersonBP/Blueprints/ThirdPersonCharacter.ThirdPersonCharacter]
[2017.03.27-14.53.23:729][108]OBJ SavePackage: Finished generating thumbnails for package [/Game/ThirdPersonBP/Blueprints/ThirdPersonCharacter]
[2017.03.27-14.53.23:839][108]LogSavePackage: Save=97.65ms
[2017.03.27-14.53.23:839][108]LogSavePackage: Moving '../../../../Elio_Physics_FootPrint/Footprints/Saved/ThirdPersonCharacter_Auto3EF09E3E94D25EF33A27C519E59A9CA41.tmp' to '../../../../Elio_Physics_FootPrint/Footprints/Saved/Autosaves/Game/ThirdPersonBP/Blueprints/ThirdPersonCharacter_Auto3.uasset'
[2017.03.27-14.53.23:841][108]LogSavePackage:Display: Finished SavePackage ../../../../Elio_Physics_FootPrint/Footprints/Saved/Autosaves/Game/ThirdPersonBP/Blueprints/ThirdPersonCharacter_Auto3.uasset
[2017.03.27-14.53.23:842][108]OBJ SavePackage: Generating thumbnails for [1] asset(s) in package [/Game/FootPrints/BasicFootPrint_Mat] ([1] browsable assets)...
[2017.03.27-14.53.23:917][108]OBJ SavePackage:     Rendered thumbnail for [Material /Game/FootPrints/BasicFootPrint_Mat.BasicFootPrint_Mat]
[2017.03.27-14.53.23:917][108]OBJ SavePackage: Finished generating thumbnails for package [/Game/FootPrints/BasicFootPrint_Mat]
[2017.03.27-14.53.23:980][108]LogSavePackage: Save=40.76ms
[2017.03.27-14.53.23:980][108]LogSavePackage: Moving '../../../../Elio_Physics_FootPrint/Footprints/Saved/BasicFootPrint_Mat_Auto3DE19B2CF4993F0FB7FA663BC34661693.tmp' to '../../../../Elio_Physics_FootPrint/Footprints/Saved/Autosaves/Game/FootPrints/BasicFootPrint_Mat_Auto3.uasset'
[2017.03.27-14.53.23:981][108]LogSavePackage:Display: Finished SavePackage ../../../../Elio_Physics_FootPrint/Footprints/Saved/Autosaves/Game/FootPrints/BasicFootPrint_Mat_Auto3.uasset
[2017.03.27-14.53.23:981][108]LogFileHelpers: Auto-saving content packages took 0.329
[2017.03.27-14.54.21:583][793]BlueprintLog: New page: Compile ThirdPersonCharacter
[2017.03.27-14.54.23:031][827]LogSavePackage: Save=115.26ms
[2017.03.27-14.54.23:031][827]LogSavePackage: Moving '../../../../Elio_Physics_FootPrint/Footprints/Saved/ThirdPersonCharacter1B6EA8E947A7BE3CC42A17A9FDF4215B.tmp' to '../../../../Elio_Physics_FootPrint/Footprints/Content/ThirdPersonBP/Blueprints/ThirdPersonCharacter.uasset'
[2017.03.27-14.54.23:034][827]LogSavePackage:Display: Finished SavePackage ../../../../Elio_Physics_FootPrint/Footprints/Content/ThirdPersonBP/Blueprints/ThirdPersonCharacter.uasset
[2017.03.27-14.56.57:813][847]BlueprintLog: New page: Compile ThirdPersonCharacter
[2017.03.27-14.56.59:199][883]LogSavePackage: Save=80.84ms
[2017.03.27-14.56.59:199][883]LogSavePackage: Moving '../../../../Elio_Physics_FootPrint/Footprints/Saved/ThirdPersonCharacterD3570A8F476F59611046309DB45F42ED.tmp' to '../../../../Elio_Physics_FootPrint/Footprints/Content/ThirdPersonBP/Blueprints/ThirdPersonCharacter.uasset'
[2017.03.27-14.56.59:202][883]LogSavePackage:Display: Finished SavePackage ../../../../Elio_Physics_FootPrint/Footprints/Content/ThirdPersonBP/Blueprints/ThirdPersonCharacter.uasset
